Arguments: 
  /usr/local/bin/node /usr/local/Cellar/yarn/1.12.3/libexec/bin/yarn.js

PATH: 
  /Users/kidkang/.pyenv/plugins/pyenv-virtualenv/shims:/Users/kidkang/.pyenv/shims:/usr/local/bin:/usr/bin:/bin:/usr/sbin:/sbin:/Applications/VMware Fusion.app/Contents/Public:/Users/kidkang/android-sdk/tools:/Users/kidkang/android-sdk/platform-tools:/Users/kidkang/.composer/vendor/bin:/Applications/MAMP/Library/bin:/Users/kidkang/work/phantomjs/bin:/Users/kidkang/.pyenv/bin:

Yarn version: 
  1.12.3

Node version: 
  10.15.0

Platform: 
  darwin x64

Trace: 
  SyntaxError: /Volumes/work/yj/yjtec/ldb/package.json: Unexpected token } in JSON at position 516
      at JSON.parse (<anonymous>)
      at /usr/local/Cellar/yarn/1.12.3/libexec/lib/cli.js:1631:59
      at Generator.next (<anonymous>)
      at step (/usr/local/Cellar/yarn/1.12.3/libexec/lib/cli.js:304:30)
      at /usr/local/Cellar/yarn/1.12.3/libexec/lib/cli.js:315:13

npm manifest: 
  {
    "name": "yjtec-ldb",
    "version": "1.0.0",
    "description": "",
    "main": "index.js",
    "scripts": {
      "test": "echo \"Error: no test specified\" && exit 1"
    },
    "babel": {
      "presets": [
        "env",
        "es2015",
        "stage-0"
      ]
    },
    "license": "ISC",
    "devDependencies": {
      "babel": "^6.23.0",
      "babel-cli": "^6.26.0",
      "babel-core": "^6.26.3",
      "babel-preset-env": "^1.7.0",
      "babel-preset-es2015": "^6.24.1",
      "babel-preset-stage-0": "^6.24.1",
      "jest": "^24.8.0"
    },
  }

yarn manifest: 
  No manifest

Lockfile: 
  No lockfile
